<?xml version="1.0" encoding="UTF-8"?>
<!-- Generated by org.testng.reporters.JUnitReportReporter -->
<testsuite hostname="Lenovo" failures="0" tests="1" name="test.FaceBookLoginTest" time="7.521" errors="0" timestamp="2023-12-21T13:55:32 IST" skipped="0">
  <testcase classname="test.FaceBookLoginTest" name="enterEmilId" time="7.521"/>
</testsuite> <!-- test.FaceBookLoginTest -->
